\BOOKMARK [1][-]{section.1}{\376\377\173\126\165\145\166\356\150\007}{}% 1
\BOOKMARK [1][-]{section.2}{\376\377\145\164\117\123\155\101\172\013}{}% 2
\BOOKMARK [1][-]{section.3}{\376\377\145\160\143\156\117\177\165\050\123\343\137\204}{}% 3
\BOOKMARK [2][-]{subsection.3.1}{\376\377\153\143\137\017\230\204\155\113\123\343\137\204}{section.3}% 4
\BOOKMARK [2][-]{subsection.3.2}{\376\377\126\336\155\113\123\343\137\204}{section.3}% 5
\BOOKMARK [1][-]{section.4}{\376\377\200\241\171\150\154\140\116\016\116\073\230\230\122\022\122\006}{}% 6
\BOOKMARK [2][-]{subsection.4.1}{\376\377\116\073\230\230\171\315\133\120\154\140}{section.4}% 7
\BOOKMARK [2][-]{subsection.4.2}{\376\377\171\321\142\200\145\073\121\373\154\140}{section.4}% 8
\BOOKMARK [1][-]{section.5}{\376\377\116\052\200\241\127\372\170\100\117\341\123\367}{}% 9
\BOOKMARK [1][-]{section.6}{\376\377\116\073\230\230\165\073\120\317\116\016\116\073\230\230\166\370\117\074\136\246}{}% 10
\BOOKMARK [1][-]{section.7}{\376\377\171\321\142\200\137\072\136\246\122\044\145\255}{}% 11
\BOOKMARK [2][-]{subsection.7.1}{\376\377\116\052\200\241\171\321\142\200\122\250\221\317}{section.7}% 12
\BOOKMARK [2][-]{subsection.7.2}{\376\377\121\150\134\100\171\321\142\200\000\040\000r\000e\000g\000i\000m\000e}{section.7}% 13
\BOOKMARK [2][-]{subsection.7.3}{\376\377\171\321\142\200\133\120\147\177\127\127\137\072\136\246}{section.7}% 14
\BOOKMARK [1][-]{section.8}{\376\377\230\316\226\151\213\306\122\053\116\016\122\124\226\144}{}% 15
\BOOKMARK [2][-]{subsection.8.1}{\376\377\170\064\117\115\230\316\226\151}{section.8}% 16
\BOOKMARK [2][-]{subsection.8.2}{\376\377\226\073\122\233\226\167\226\061}{section.8}% 17
\BOOKMARK [2][-]{subsection.8.3}{\376\377\145\076\221\317\232\330\143\142\142\113\155\076\123\321\230\316\226\151}{section.8}% 18
\BOOKMARK [1][-]{section.9}{\376\377\176\374\124\010\142\123\122\006\121\154\137\017}{}% 19
\BOOKMARK [1][-]{section.10}{\376\377\176\304\124\010\147\204\136\372\211\304\122\031}{}% 20
\BOOKMARK [1][-]{section.11}{\376\377\0003\0000\0000\0003\0009\0004\000\040\150\110\117\213\213\364\146\016}{}% 21
\BOOKMARK [1][-]{section.12}{\376\377\137\123\122\115\173\126\165\145\217\223\121\372\145\207\116\366}{}% 22
\BOOKMARK [1][-]{section.13}{\376\377\173\126\165\145\217\271\165\114}{}% 23
